# JRE version: Java(TM) SE Runtime Environment (8.0_66-b17) (build 1.8.0_66-b17)
# Java VM: Java HotSpot(TM) 64-Bit Server VM (25.66-b17 mixed mode windows-amd64 compressed oops)
Heap:
 PSYoungGen      total 351744K, used 76069K [0x00000000e0000000, 0x00000000fc000000, 0x0000000100000000)
  eden space 248832K, 18% used [0x00000000e0000000,0x00000000e2bef8a0,0x00000000ef300000)
  from space 102912K, 30% used [0x00000000f5b80000,0x00000000f79d9ca8,0x00000000fc000000)
  to   space 104960K, 0% used [0x00000000ef300000,0x00000000ef300000,0x00000000f5980000)
 ParOldGen       total 343552K, used 154638K [0x00000000a0000000, 0x00000000b4f80000, 0x00000000e0000000)
  object space 343552K, 45% used [0x00000000a0000000,0x00000000a9703ac8,0x00000000b4f80000)
 Metaspace       used 99143K, capacity 105850K, committed 106240K, reserved 1140736K
  class space    used 12808K, capacity 13927K, committed 14080K, reserved 1048576K
GC Heap History (10 events):
Event: 6784.408 GC heap before
{Heap before GC invocations=91 (full 7):
 PSYoungGen      total 351232K, used 217280K [0x00000000e0000000, 0x00000000fe600000, 0x0000000100000000)
  eden space 210944K, 100% used [0x00000000e0000000,0x00000000ece00000,0x00000000ece00000)
  from space 140288K, 4% used [0x00000000ece00000,0x00000000ed430020,0x00000000f5700000)
  to   space 135168K, 0% used [0x00000000f6200000,0x00000000f6200000,0x00000000fe600000)
 ParOldGen       total 343552K, used 154598K [0x00000000a0000000, 0x00000000b4f80000, 0x00000000e0000000)
  object space 343552K, 45% used [0x00000000a0000000,0x00000000a96f9ac8,0x00000000b4f80000)
 Metaspace       used 97199K, capacity 102432K, committed 102656K, reserved 1138688K
  class space    used 12530K, capacity 13470K, committed 13568K, reserved 1048576K
Event: 6784.417 GC heap after
Heap after GC invocations=91 (full 7):
 PSYoungGen      total 346112K, used 10545K [0x00000000e0000000, 0x00000000fd800000, 0x0000000100000000)
  eden space 225280K, 0% used [0x00000000e0000000,0x00000000e0000000,0x00000000edc00000)
  from space 120832K, 8% used [0x00000000f6200000,0x00000000f6c4c618,0x00000000fd800000)
  to   space 129024K, 0% used [0x00000000edc00000,0x00000000edc00000,0x00000000f5a00000)
 ParOldGen       total 343552K, used 154606K [0x00000000a0000000, 0x00000000b4f80000, 0x00000000e0000000)
  object space 343552K, 45% used [0x00000000a0000000,0x00000000a96fbac8,0x00000000b4f80000)
 Metaspace       used 97199K, capacity 102432K, committed 102656K, reserved 1138688K
  class space    used 12530K, capacity 13470K, committed 13568K, reserved 1048576K
}
Event: 6841.598 GC heap before
{Heap before GC invocations=92 (full 7):
 PSYoungGen      total 346112K, used 235825K [0x00000000e0000000, 0x00000000fd800000, 0x0000000100000000)
  eden space 225280K, 100% used [0x00000000e0000000,0x00000000edc00000,0x00000000edc00000)
  from space 120832K, 8% used [0x00000000f6200000,0x00000000f6c4c618,0x00000000fd800000)
  to   space 129024K, 0% used [0x00000000edc00000,0x00000000edc00000,0x00000000f5a00000)
 ParOldGen       total 343552K, used 154606K [0x00000000a0000000, 0x00000000b4f80000, 0x00000000e0000000)
  object space 343552K, 45% used [0x00000000a0000000,0x00000000a96fbac8,0x00000000b4f80000)
 Metaspace       used 98178K, capacity 104538K, committed 104832K, reserved 1140736K
  class space    used 12723K, capacity 13789K, committed 13952K, reserved 1048576K
Event: 6841.623 GC heap after
Heap after GC invocations=92 (full 7):
 PSYoungGen      total 354304K, used 9177K [0x00000000e0000000, 0x00000000fd980000, 0x0000000100000000)
  eden space 225280K, 0% used [0x00000000e0000000,0x00000000e0000000,0x00000000edc00000)
  from space 129024K, 7% used [0x00000000edc00000,0x00000000ee4f6430,0x00000000f5a00000)
  to   space 123392K, 0% used [0x00000000f6100000,0x00000000f6100000,0x00000000fd980000)
 ParOldGen       total 343552K, used 154614K [0x00000000a0000000, 0x00000000b4f80000, 0x00000000e0000000)
  object space 343552K, 45% used [0x00000000a0000000,0x00000000a96fdac8,0x00000000b4f80000)
 Metaspace       used 98178K, capacity 104538K, committed 104832K, reserved 1140736K
  class space    used 12723K, capacity 13789K, committed 13952K, reserved 1048576K
}
Event: 6891.159 GC heap before
{Heap before GC invocations=93 (full 7):
 PSYoungGen      total 354304K, used 234457K [0x00000000e0000000, 0x00000000fd980000, 0x0000000100000000)
  eden space 225280K, 100% used [0x00000000e0000000,0x00000000edc00000,0x00000000edc00000)
  from space 129024K, 7% used [0x00000000edc00000,0x00000000ee4f6430,0x00000000f5a00000)
  to   space 123392K, 0% used [0x00000000f6100000,0x00000000f6100000,0x00000000fd980000)
 ParOldGen       total 343552K, used 154614K [0x00000000a0000000, 0x00000000b4f80000, 0x00000000e0000000)
  object space 343552K, 45% used [0x00000000a0000000,0x00000000a96fdac8,0x00000000b4f80000)
 Metaspace       used 98490K, capacity 105112K, committed 105344K, reserved 1140736K
  class space    used 12770K, capacity 13874K, committed 13952K, reserved 1048576K
Event: 6891.170 GC heap after
Heap after GC invocations=93 (full 7):
 PSYoungGen      total 344064K, used 8777K [0x00000000e0000000, 0x00000000fcb00000, 0x0000000100000000)
  eden space 235520K, 0% used [0x00000000e0000000,0x00000000e0000000,0x00000000ee600000)
  from space 108544K, 8% used [0x00000000f6100000,0x00000000f6992420,0x00000000fcb00000)
  to   space 117248K, 0% used [0x00000000ee600000,0x00000000ee600000,0x00000000f5880000)
 ParOldGen       total 343552K, used 154622K [0x00000000a0000000, 0x00000000b4f80000, 0x00000000e0000000)
  object space 343552K, 45% used [0x00000000a0000000,0x00000000a96ffac8,0x00000000b4f80000)
 Metaspace       used 98490K, capacity 105112K, committed 105344K, reserved 1140736K
  class space    used 12770K, capacity 13874K, committed 13952K, reserved 1048576K
}
Event: 6920.211 GC heap before
{Heap before GC invocations=94 (full 7):
 PSYoungGen      total 344064K, used 244297K [0x00000000e0000000, 0x00000000fcb00000, 0x0000000100000000)
  eden space 235520K, 100% used [0x00000000e0000000,0x00000000ee600000,0x00000000ee600000)
  from space 108544K, 8% used [0x00000000f6100000,0x00000000f6992420,0x00000000fcb00000)
  to   space 117248K, 0% used [0x00000000ee600000,0x00000000ee600000,0x00000000f5880000)
 ParOldGen       total 343552K, used 154622K [0x00000000a0000000, 0x00000000b4f80000, 0x00000000e0000000)
  object space 343552K, 45% used [0x00000000a0000000,0x00000000a96ffac8,0x00000000b4f80000)
 Metaspace       used 98751K, capacity 105408K, committed 105728K, reserved 1140736K
  class space    used 12791K, capacity 13918K, committed 14080K, reserved 1048576K
Event: 6920.226 GC heap after
Heap after GC invocations=94 (full 7):
 PSYoungGen      total 352768K, used 9855K [0x00000000e0000000, 0x00000000fc880000, 0x0000000100000000)
  eden space 235520K, 0% used [0x00000000e0000000,0x00000000e0000000,0x00000000ee600000)
  from space 117248K, 8% used [0x00000000ee600000,0x00000000eef9fee0,0x00000000f5880000)
  to   space 111616K, 0% used [0x00000000f5b80000,0x00000000f5b80000,0x00000000fc880000)
 ParOldGen       total 343552K, used 154630K [0x00000000a0000000, 0x00000000b4f80000, 0x00000000e0000000)
  object space 343552K, 45% used [0x00000000a0000000,0x00000000a9701ac8,0x00000000b4f80000)
 Metaspace       used 98751K, capacity 105408K, committed 105728K, reserved 1140736K
  class space    used 12791K, capacity 13918K, committed 14080K, reserved 1048576K
}
Event: 6922.094 GC heap before
{Heap before GC invocations=95 (full 7):
 PSYoungGen      total 352768K, used 245375K [0x00000000e0000000, 0x00000000fc880000, 0x0000000100000000)
  eden space 235520K, 100% used [0x00000000e0000000,0x00000000ee600000,0x00000000ee600000)
  from space 117248K, 8% used [0x00000000ee600000,0x00000000eef9fee0,0x00000000f5880000)
  to   space 111616K, 0% used [0x00000000f5b80000,0x00000000f5b80000,0x00000000fc880000)
 ParOldGen       total 343552K, used 154630K [0x00000000a0000000, 0x00000000b4f80000, 0x00000000e0000000)
  object space 343552K, 45% used [0x00000000a0000000,0x00000000a9701ac8,0x00000000b4f80000)
 Metaspace       used 99018K, capacity 105716K, committed 105984K, reserved 1140736K
  class space    used 12796K, capacity 13926K, committed 14080K, reserved 1048576K
Event: 6922.135 GC heap after
Heap after GC invocations=95 (full 7):
 PSYoungGen      total 351744K, used 31079K [0x00000000e0000000, 0x00000000fc000000, 0x0000000100000000)
  eden space 248832K, 0% used [0x00000000e0000000,0x00000000e0000000,0x00000000ef300000)
  from space 102912K, 30% used [0x00000000f5b80000,0x00000000f79d9ca8,0x00000000fc000000)
  to   space 104960K, 0% used [0x00000000ef300000,0x00000000ef300000,0x00000000f5980000)
 ParOldGen       total 343552K, used 154638K [0x00000000a0000000, 0x00000000b4f80000, 0x00000000e0000000)
  object space 343552K, 45% used [0x00000000a0000000,0x00000000a9703ac8,0x00000000b4f80000)
 Metaspace       used 99018K, capacity 105716K, committed 105984K, reserved 1140736K
  class space    used 12796K, capacity 13926K, committed 14080K, reserved 1048576K
}

